d:\newapi\gameframework\gameframework\binobj\vc142.pdb
d:\newapi\gameframework\gameframework\binobj\bosslastbomb.obj
d:\newapi\gameframework\gameframework\binobj\bossfinalbomb.obj
d:\newapi\gameframework\gameframework\binobj\bosscrossbomb.obj
d:\newapi\gameframework\gameframework\binobj\bomb2.obj
d:\newapi\gameframework\gameframework\binobj\bomb.obj
d:\newapi\gameframework\gameframework\binobj\barrier.obj
d:\newapi\gameframework\gameframework\binobj\backobj.obj
d:\newapi\gameframework\gameframework\binobj\aurellionsol.obj
d:\newapi\gameframework\gameframework\binobj\angre.obj
d:\newapi\gameframework\gameframework\binobj\angelnpc.obj
d:\newapi\gameframework\gameframework\binobj\angelcut.obj
d:\newapi\gameframework\gameframework\binobj\addbombitem.obj
d:\newapi\gameframework\gameframework\binobj\gamemanager.obj
d:\newapi\gameframework\gameframework\binobj\gameinfo.obj
d:\newapi\gameframework\gameframework\binobj\collisionmanager.obj
d:\newapi\gameframework\gameframework\binobj\collidercircle.obj
d:\newapi\gameframework\gameframework\binobj\colliderbox.obj
d:\newapi\gameframework\gameframework\binobj\collider.obj
d:\newapi\gameframework\gameframework\binobj\animationinfo.obj
d:\newapi\gameframework\gameframework\binobj\animation.obj
d:\newapi\gameframework\gameframework\binobj\monstereffect.obj
d:\newapi\gameframework\gameframework\binobj\monsterdieeffect.obj
d:\newapi\gameframework\gameframework\binobj\monsterbomb.obj
d:\newapi\gameframework\gameframework\binobj\monster2realdieeffect.obj
d:\newapi\gameframework\gameframework\binobj\monster2dieeffect.obj
d:\newapi\gameframework\gameframework\binobj\monster.obj
d:\newapi\gameframework\gameframework\binobj\gameobject.obj
d:\newapi\gameframework\gameframework\binobj\finalcut.obj
d:\newapi\gameframework\gameframework\binobj\finalboss.obj
d:\newapi\gameframework\gameframework\binobj\finalbomb.obj
d:\newapi\gameframework\gameframework\binobj\effect.obj
d:\newapi\gameframework\gameframework\binobj\dieeffect.obj
d:\newapi\gameframework\gameframework\binobj\ccharacter.obj
d:\newapi\gameframework\gameframework\binobj\bullet.obj
d:\newapi\gameframework\gameframework\binobj\box.obj
d:\newapi\gameframework\gameframework\binobj\bossnpc.obj
d:\newapi\gameframework\gameframework\binobj\bossmonsterdieeffect.obj
d:\newapi\gameframework\gameframework\binobj\bossmonsterdie2effect.obj
d:\newapi\gameframework\gameframework\binobj\bossmonsterbomb.obj
d:\newapi\gameframework\gameframework\binobj\bossmonster.obj
d:\newapi\gameframework\gameframework\binobj\tile.obj
d:\newapi\gameframework\gameframework\binobj\talon.obj
d:\newapi\gameframework\gameframework\binobj\talonm.obj
d:\newapi\gameframework\gameframework\binobj\staritem.obj
d:\newapi\gameframework\gameframework\binobj\speeditem.obj
d:\newapi\gameframework\gameframework\binobj\shoesitem.obj
d:\newapi\gameframework\gameframework\binobj\secondmonster.obj
d:\newapi\gameframework\gameframework\binobj\rocketon.obj
d:\newapi\gameframework\gameframework\binobj\rocketitem.obj
d:\newapi\gameframework\gameframework\binobj\rocketeffect.obj
d:\newapi\gameframework\gameframework\binobj\realdieeffect.obj
d:\newapi\gameframework\gameframework\binobj\poweritem.obj
d:\newapi\gameframework\gameframework\binobj\powerbomb.obj
d:\newapi\gameframework\gameframework\binobj\power2bomb.obj
d:\newapi\gameframework\gameframework\binobj\power1effect.obj
d:\newapi\gameframework\gameframework\binobj\power.obj
d:\newapi\gameframework\gameframework\binobj\playerrocket.obj
d:\newapi\gameframework\gameframework\binobj\player.obj
d:\newapi\gameframework\gameframework\binobj\npc.obj
d:\newapi\gameframework\gameframework\binobj\monsterrealdieeffect.obj
d:\newapi\gameframework\gameframework\binobj\editdlg.obj
d:\newapi\gameframework\gameframework\binobj\clearsecondscene.obj
d:\newapi\gameframework\gameframework\binobj\clearscene.obj
d:\newapi\gameframework\gameframework\binobj\camera.obj
d:\newapi\gameframework\gameframework\binobj\bossscene.obj
d:\newapi\gameframework\gameframework\binobj\texturemanager.obj
d:\newapi\gameframework\gameframework\binobj\texture.obj
d:\newapi\gameframework\gameframework\binobj\soundmanager.obj
d:\newapi\gameframework\gameframework\binobj\sound.obj
d:\newapi\gameframework\gameframework\binobj\resourcemanager.obj
d:\newapi\gameframework\gameframework\binobj\fontmanager.obj
d:\newapi\gameframework\gameframework\binobj\font.obj
d:\newapi\gameframework\gameframework\binobj\animationsequence.obj
d:\newapi\gameframework\gameframework\binobj\animationmanager.obj
d:\newapi\gameframework\gameframework\binobj\ref.obj
d:\newapi\gameframework\gameframework\binobj\pathmanager.obj
d:\newapi\gameframework\gameframework\binobj\main.obj
d:\newapi\gameframework\gameframework\binobj\input.obj
d:\newapi\gameframework\gameframework\binobj\tornado.obj
d:\newapi\gameframework\gameframework\binobj\tilemap.obj
d:\newapi\gameframework\gameframework\binobj\progressbar.obj
d:\newapi\gameframework\gameframework\binobj\number.obj
d:\newapi\gameframework\gameframework\binobj\image.obj
d:\newapi\gameframework\gameframework\binobj\icon.obj
d:\newapi\gameframework\gameframework\binobj\gameclearwindow.obj
d:\newapi\gameframework\gameframework\binobj\clearwindow.obj
d:\newapi\gameframework\gameframework\binobj\clearsecondwindow.obj
d:\newapi\gameframework\gameframework\binobj\checkbox.obj
d:\newapi\gameframework\gameframework\binobj\characterhud.obj
d:\newapi\gameframework\gameframework\binobj\button.obj
d:\newapi\gameframework\gameframework\binobj\timer.obj
d:\newapi\gameframework\gameframework\binobj\startscene.obj
d:\newapi\gameframework\gameframework\binobj\secondscene.obj
d:\newapi\gameframework\gameframework\binobj\sceneresource.obj
d:\newapi\gameframework\gameframework\binobj\scenemanager.obj
d:\newapi\gameframework\gameframework\binobj\scenecollision.obj
d:\newapi\gameframework\gameframework\binobj\scene.obj
d:\newapi\gameframework\gameframework\binobj\mainscene.obj
d:\newapi\gameframework\gameframework\binobj\gameclearscene.obj
d:\newapi\gameframework\gameframework\binobj\editscene.obj
d:\newapi\gameframework\gameframework\binobj\widgetwindow.obj
d:\newapi\gameframework\gameframework\binobj\widgetcomponent.obj
d:\newapi\gameframework\gameframework\binobj\widget.obj
d:\newapi\gameframework\gameframework\binobj\text.obj
d:\newapi\gameframework\gameframework\binobj\startwindow.obj
d:\newapi\gameframework\gameframework\bin\gameframework.exe
d:\newapi\gameframework\gameframework\binobj\gameframework.iobj
d:\newapi\gameframework\gameframework\bin\gameframework.pdb
d:\newapi\gameframework\gameframework\binobj\gameframework.res
d:\newapi\gameframework\gameframework\binobj\bombcount.obj
d:\newapi\gameframework\gameframework\binobj\missile.obj
d:\newapi\gameframework\gameframework\binobj\setlelight.obj
d:\newapi\gameframework\gameframework\binobj\setlelight.obj.enc
d:\newapi\gameframework\gameframework\binobj\gameframework..debug.ilk
d:\newapi\gameframework\gameframework\binobj\gameframework_debug.ilk
d:\newapi\gameframework\gameframework\binobj\gameframework.ipdb
d:\newapi\gameframework\gameframework\binobj\vc142.idb
d:\newapi\gameframework\gameframework\binobj\../bin/gameframework.pdb
d:\newapi\gameframework\gameframework\binobj\gameframework.tlog\cl.command.1.tlog
d:\newapi\gameframework\gameframework\binobj\gameframework.tlog\cl.read.1.tlog
d:\newapi\gameframework\gameframework\binobj\gameframework.tlog\cl.write.1.tlog
d:\newapi\gameframework\gameframework\binobj\gameframework.tlog\link.command.1.tlog
d:\newapi\gameframework\gameframework\binobj\gameframework.tlog\link.read.1.tlog
d:\newapi\gameframework\gameframework\binobj\gameframework.tlog\link.write.1.tlog
d:\newapi\gameframework\gameframework\binobj\gameframework.tlog\rc.command.1.tlog
d:\newapi\gameframework\gameframework\binobj\gameframework.tlog\rc.read.1.tlog
d:\newapi\gameframework\gameframework\binobj\gameframework.tlog\rc.write.1.tlog
